{"uid":"dc24325d74bdfbb3","name":"Verify navigation from Signup to Login page","fullName":"com.skillboost.ui_tests.tests.SignupTest.testNavigateFromSignupToLogin","historyId":"b18234e630c01dff6786b16a600d98e8","time":{"start":1763713900963,"stop":1763713900979,"duration":16},"description":"Ensures that clicking the 'Login' link on the Signup page redirects the user to the Login page successfully.","descriptionHtml":"<p>Ensures that clicking the 'Login' link on the Signup page redirects the user to the Login page successfully.</p>\n","status":"broken","statusMessage":"❌ Failed to initialize WebDriver for browser: chrome","statusTrace":"java.lang.RuntimeException: ❌ Failed to initialize WebDriver for browser: chrome\n\tat com.skillboost.ui_tests.utils.DriverFactory.initializeDriver(DriverFactory.java:116)\n\tat com.skillboost.ui_tests.base.UiBaseTest.setUp(UiBaseTest.java:38)\n\tat java.base/java.lang.reflect.Method.invoke(Method.java:580)\n\tat java.base/java.util.ArrayList.forEach(ArrayList.java:1596)\n\tat java.base/java.util.ArrayList.forEach(ArrayList.java:1596)\nCaused by: org.openqa.selenium.SessionNotCreatedException: Could not start a new session. Possible causes are invalid address of the remote server or browser start-up failure. \nHost info: host: 'f5d1fe97c86a', ip: '172.18.0.3'\n\tat org.openqa.selenium.remote.RemoteWebDriver.execute(RemoteWebDriver.java:578)\n\tat org.openqa.selenium.remote.RemoteWebDriver.startSession(RemoteWebDriver.java:246)\n\tat org.openqa.selenium.remote.RemoteWebDriver.<init>(RemoteWebDriver.java:174)\n\tat org.openqa.selenium.chromium.ChromiumDriver.<init>(ChromiumDriver.java:99)\n\tat org.openqa.selenium.chrome.ChromeDriver.<init>(ChromeDriver.java:88)\n\tat org.openqa.selenium.chrome.ChromeDriver.<init>(ChromeDriver.java:83)\n\tat org.openqa.selenium.chrome.ChromeDriver.<init>(ChromeDriver.java:72)\n\tat com.skillboost.ui_tests.utils.DriverFactory.initializeDriver(DriverFactory.java:79)\n\t... 4 more\nCaused by: org.openqa.selenium.WebDriverException: Driver server process died prematurely, exit value: 127\nBuild info: version: '4.38.0', revision: '6b412e825c*'\nSystem info: os.name: 'Linux', os.arch: 'amd64', os.version: '6.11.0-1018-azure', java.version: '21.0.7'\nDriver info: driver.version: ChromeDriver\n\tat org.openqa.selenium.remote.service.DriverService.start(DriverService.java:253)\n\tat org.openqa.selenium.remote.service.DriverCommandExecutor.execute(DriverCommandExecutor.java:117)\n\tat org.openqa.selenium.remote.RemoteWebDriver.execute(RemoteWebDriver.java:557)\n\t... 11 more\n","flaky":false,"newFailed":false,"newBroken":false,"newPassed":false,"retriesCount":0,"retriesStatusChange":false,"beforeStages":[],"afterStages":[],"labels":[{"name":"junit.platform.uniqueid","value":"[engine:junit-jupiter]/[class:com.skillboost.ui_tests.tests.SignupTest]/[method:testNavigateFromSignupToLogin()]"},{"name":"epic","value":"UI Tests"},{"name":"story","value":"User navigates and signs up successfully"},{"name":"feature","value":"Signup Page"},{"name":"host","value":"f5d1fe97c86a"},{"name":"thread","value":"67@f5d1fe97c86a.main(1)"},{"name":"framework","value":"junit-platform"},{"name":"language","value":"java"},{"name":"package","value":"com.skillboost.ui_tests.tests.SignupTest"},{"name":"testClass","value":"com.skillboost.ui_tests.tests.SignupTest"},{"name":"testMethod","value":"testNavigateFromSignupToLogin"},{"name":"suite","value":"com.skillboost.ui_tests.tests.SignupTest"},{"name":"severity","value":"normal"},{"name":"resultFormat","value":"allure2"}],"parameters":[],"links":[],"hidden":false,"retry":false,"extra":{"severity":"normal","retries":[],"categories":[{"name":"Test defects","matchedStatuses":[],"flaky":false}],"tags":[]},"source":"dc24325d74bdfbb3.json","parameterValues":[]}